-------------------------------------------------------------------------------
Test set: net.serenitybdd.demos.todos.cucumber.CucumberTestSuite
-------------------------------------------------------------------------------
Tests run: 1, Failures: 0, Errors: 1, Skipped: 0, Time elapsed: 34.69 s <<< FAILURE! -- in net.serenitybdd.demos.todos.cucumber.CucumberTestSuite
Automation Exercise - Contact Us.Enviar mensaje en opción contact us y volver al home page -- Time elapsed: 30.07 s <<< ERROR!
java.lang.NullPointerException: Cannot invoke "java.io.File.getAbsolutePath()" because "localFile" is null
	at net.thucydides.core.pages.components.FileToUpload$RemoteFilePathLocator.forFile(FileToUpload.java:174)
	at net.thucydides.core.pages.components.FileToUpload.to(FileToUpload.java:83)
	at net.serenitybdd.screenplay.actions.UploadToTarget.performAs(UploadToTarget.java:21)
	at net.serenitybdd.screenplay.actions.UploadToTarget$ByteBuddy$W1z5LPmW.performAs$accessor$Rszzkck5(Unknown Source)
	at java.base/java.lang.reflect.Method.invoke(Method.java:565)
	at net.thucydides.core.steps.StepInterceptor.invokeMethod(StepInterceptor.java:524)
	at net.thucydides.core.steps.StepInterceptor.executeTestStepMethod(StepInterceptor.java:504)
	at net.thucydides.core.steps.StepInterceptor.runTestStep(StepInterceptor.java:476)
	at net.thucydides.core.steps.StepInterceptor.runOrSkipMethod(StepInterceptor.java:218)
	at net.thucydides.core.steps.StepInterceptor.testStepResult(StepInterceptor.java:205)
	at net.thucydides.core.steps.StepInterceptor.intercept(StepInterceptor.java:93)
	at net.thucydides.core.steps.ProxyConfiguration$InterceptorDispatcher.intercept(ProxyConfiguration.java:51)
	at net.serenitybdd.screenplay.actions.UploadToTarget$ByteBuddy$W1z5LPmW.performAs(Unknown Source)
	at net.serenitybdd.screenplay.Actor.performTask(Actor.java:299)
	at net.serenitybdd.screenplay.Actor.perform(Actor.java:274)
	at net.serenitybdd.screenplay.Actor.attemptsTo(Actor.java:215)
	at net.serenitybdd.screenplay.Actor.attemptsTo(Actor.java:222)
	at net.serenitybdd.demos.todos.screenplay.tasks.UploadFileInFormContactUs.performAs(UploadFileInFormContactUs.java:30)
	at net.serenitybdd.demos.todos.screenplay.tasks.UploadFileInFormContactUs$ByteBuddy$Q2fEaMkJ.performAs$accessor$Irt6poDw(Unknown Source)
	at java.base/java.lang.reflect.Method.invoke(Method.java:565)
	at net.thucydides.core.steps.StepInterceptor.invokeMethod(StepInterceptor.java:524)
	at net.thucydides.core.steps.StepInterceptor.executeTestStepMethod(StepInterceptor.java:504)
	at net.thucydides.core.steps.StepInterceptor.runTestStep(StepInterceptor.java:476)
	at net.thucydides.core.steps.StepInterceptor.runOrSkipMethod(StepInterceptor.java:218)
	at net.thucydides.core.steps.StepInterceptor.testStepResult(StepInterceptor.java:205)
	at net.thucydides.core.steps.StepInterceptor.intercept(StepInterceptor.java:93)
	at net.thucydides.core.steps.ProxyConfiguration$InterceptorDispatcher.intercept(ProxyConfiguration.java:51)
	at net.serenitybdd.demos.todos.screenplay.tasks.UploadFileInFormContactUs$ByteBuddy$Q2fEaMkJ.performAs(Unknown Source)
	at net.serenitybdd.screenplay.Actor.performTask(Actor.java:299)
	at net.serenitybdd.screenplay.Actor.perform(Actor.java:274)
	at net.serenitybdd.screenplay.Actor.attemptsTo(Actor.java:215)
	at net.serenitybdd.screenplay.Actor.attemptsTo(Actor.java:222)
	at net.serenitybdd.demos.todos.cucumber.steps.FormContactUsSteps.realizar_la_carga_de_un_archivo_Upload_File(FormContactUsSteps.java:65)
	at ✽.Realiza la carga de un archivo 'Upload File'(classpath:features/add_new_items_to_the_todo_list.feature:10)

