-------------------------------------------------------------------------------
Test set: net.serenitybdd.demos.todos.cucumber.CucumberTestSuite
-------------------------------------------------------------------------------
Tests run: 1, Failures: 0, Errors: 1, Skipped: 0, Time elapsed: 33.30 s <<< FAILURE! -- in net.serenitybdd.demos.todos.cucumber.CucumberTestSuite
Automation Exercise - Contact Us.Enviar mensaje en opción contact us y volver al home page -- Time elapsed: 31.08 s <<< ERROR!
net.thucydides.core.webdriver.DriverConfigurationError: Could not instantiate class org.openqa.selenium.remote.RemoteWebDriver
	at net.thucydides.core.webdriver.WebDriverFacade.newDriverInstance(WebDriverFacade.java:193)
	at net.thucydides.core.webdriver.WebDriverFacade.newProxyDriver(WebDriverFacade.java:181)
	at net.thucydides.core.webdriver.WebDriverFacade.getProxiedDriver(WebDriverFacade.java:132)
	at net.thucydides.core.webdriver.WebDriverFacade.get(WebDriverFacade.java:221)
	at net.serenitybdd.screenplay.actions.OpenPageWithName.performAs(OpenPageWithName.java:29)
	at net.serenitybdd.screenplay.actions.OpenPageWithName$ByteBuddy$nV4DDNPb.performAs$accessor$u1I9dyQT(Unknown Source)
	at java.base/java.lang.reflect.Method.invoke(Method.java:580)
	at net.thucydides.core.steps.StepInterceptor.invokeMethod(StepInterceptor.java:524)
	at net.thucydides.core.steps.StepInterceptor.executeTestStepMethod(StepInterceptor.java:504)
	at net.thucydides.core.steps.StepInterceptor.runTestStep(StepInterceptor.java:476)
	at net.thucydides.core.steps.StepInterceptor.runOrSkipMethod(StepInterceptor.java:218)
	at net.thucydides.core.steps.StepInterceptor.testStepResult(StepInterceptor.java:205)
	at net.thucydides.core.steps.StepInterceptor.intercept(StepInterceptor.java:93)
	at net.thucydides.core.steps.ProxyConfiguration$InterceptorDispatcher.intercept(ProxyConfiguration.java:51)
	at net.serenitybdd.screenplay.actions.OpenPageWithName$ByteBuddy$nV4DDNPb.performAs(Unknown Source)
	at net.serenitybdd.screenplay.Actor.performTask(Actor.java:299)
	at net.serenitybdd.screenplay.Actor.perform(Actor.java:274)
	at net.serenitybdd.screenplay.Actor.attemptsTo(Actor.java:215)
	at net.serenitybdd.screenplay.Actor.attemptsTo(Actor.java:222)
	at net.serenitybdd.screenplay.AnonymousPerformable.performAs(AnonymousPerformable.java:25)
	at net.serenitybdd.screenplay.AnonymousTask$ByteBuddy$vHozZPPM.performAs$accessor$lviAAL2X(Unknown Source)
	at java.base/java.lang.reflect.Method.invoke(Method.java:580)
	at net.thucydides.core.steps.StepInterceptor.invokeMethod(StepInterceptor.java:524)
	at net.thucydides.core.steps.StepInterceptor.executeTestStepMethod(StepInterceptor.java:504)
	at net.thucydides.core.steps.StepInterceptor.runTestStep(StepInterceptor.java:476)
	at net.thucydides.core.steps.StepInterceptor.runOrSkipMethod(StepInterceptor.java:218)
	at net.thucydides.core.steps.StepInterceptor.testStepResult(StepInterceptor.java:205)
	at net.thucydides.core.steps.StepInterceptor.intercept(StepInterceptor.java:93)
	at net.thucydides.core.steps.ProxyConfiguration$InterceptorDispatcher.intercept(ProxyConfiguration.java:51)
	at net.serenitybdd.screenplay.AnonymousTask$ByteBuddy$vHozZPPM.performAs(Unknown Source)
	at net.serenitybdd.screenplay.Actor.performTask(Actor.java:299)
	at net.serenitybdd.screenplay.Actor.perform(Actor.java:274)
	at net.serenitybdd.screenplay.Actor.attemptsTo(Actor.java:215)
	at net.serenitybdd.screenplay.Actor.attemptsTo(Actor.java:222)
	at net.serenitybdd.screenplay.Actor.wasAbleTo(Actor.java:193)
	at net.serenitybdd.demos.todos.cucumber.steps.FormContactUsSteps.abre_el_navegador(FormContactUsSteps.java:37)
	at ✽.Usuario abre el navegador(classpath:features/add_new_items_to_the_todo_list.feature:6)
Caused by: net.thucydides.core.webdriver.DriverConfigurationError: After several attempts, could not instantiate new WebDriver instance of type class org.openqa.selenium.remote.RemoteWebDriver (Incorrectly formed webdriver.remote.url property: https://${env:BROWSERSTACK_USERNAME}:${env:BROWSERSTACK_ACCESS_KEY}@hub-cloud.browserstack.com/wd/hub). See below for more details.
	at net.thucydides.core.webdriver.WebDriverFactory.waitThenRetry(WebDriverFactory.java:184)
	at net.thucydides.core.webdriver.WebDriverFactory.waitThenRetry(WebDriverFactory.java:195)
	at net.thucydides.core.webdriver.WebDriverFactory.waitThenRetry(WebDriverFactory.java:195)
	at net.thucydides.core.webdriver.WebDriverFactory.waitThenRetry(WebDriverFactory.java:195)
	at net.thucydides.core.webdriver.WebDriverFactory.waitThenRetry(WebDriverFactory.java:195)
	at net.thucydides.core.webdriver.WebDriverFactory.waitThenRetry(WebDriverFactory.java:195)
	at net.thucydides.core.webdriver.WebDriverFactory.waitThenRetry(WebDriverFactory.java:195)
	at net.thucydides.core.webdriver.WebDriverFactory.waitThenRetry(WebDriverFactory.java:170)
	at net.thucydides.core.webdriver.WebDriverFactory.newWebdriverInstance(WebDriverFactory.java:144)
	at net.thucydides.core.webdriver.WebDriverFacade.newDriverInstance(WebDriverFacade.java:190)
	at net.thucydides.core.webdriver.WebDriverFacade.newProxyDriver(WebDriverFacade.java:181)
	at net.thucydides.core.webdriver.WebDriverFacade.getProxiedDriver(WebDriverFacade.java:132)
	at net.thucydides.core.webdriver.WebDriverFacade.get(WebDriverFacade.java:221)
	at net.serenitybdd.screenplay.actions.OpenPageWithName.performAs(OpenPageWithName.java:29)
	at net.serenitybdd.screenplay.actions.OpenPageWithName$ByteBuddy$nV4DDNPb.performAs$accessor$u1I9dyQT(Unknown Source)
	at java.base/java.lang.reflect.Method.invoke(Method.java:580)
	at net.thucydides.core.steps.StepInterceptor.invokeMethod(StepInterceptor.java:524)
	at net.thucydides.core.steps.StepInterceptor.executeTestStepMethod(StepInterceptor.java:504)
	at net.thucydides.core.steps.StepInterceptor.runTestStep(StepInterceptor.java:476)
	at net.thucydides.core.steps.StepInterceptor.runOrSkipMethod(StepInterceptor.java:218)
	at net.thucydides.core.steps.StepInterceptor.testStepResult(StepInterceptor.java:205)
	at net.thucydides.core.steps.StepInterceptor.intercept(StepInterceptor.java:93)
	at net.thucydides.core.steps.ProxyConfiguration$InterceptorDispatcher.intercept(ProxyConfiguration.java:51)
	at net.serenitybdd.screenplay.actions.OpenPageWithName$ByteBuddy$nV4DDNPb.performAs(Unknown Source)
	at net.serenitybdd.screenplay.Actor.performTask(Actor.java:299)
	at net.serenitybdd.screenplay.Actor.perform(Actor.java:274)
	at net.serenitybdd.screenplay.Actor.attemptsTo(Actor.java:215)
	at net.serenitybdd.screenplay.Actor.attemptsTo(Actor.java:222)
	at net.serenitybdd.screenplay.AnonymousPerformable.performAs(AnonymousPerformable.java:25)
	at net.serenitybdd.screenplay.AnonymousTask$ByteBuddy$vHozZPPM.performAs$accessor$lviAAL2X(Unknown Source)
	at java.base/java.lang.reflect.Method.invoke(Method.java:580)
	at net.thucydides.core.steps.StepInterceptor.invokeMethod(StepInterceptor.java:524)
	at net.thucydides.core.steps.StepInterceptor.executeTestStepMethod(StepInterceptor.java:504)
	at net.thucydides.core.steps.StepInterceptor.runTestStep(StepInterceptor.java:476)
	at net.thucydides.core.steps.StepInterceptor.runOrSkipMethod(StepInterceptor.java:218)
	at net.thucydides.core.steps.StepInterceptor.testStepResult(StepInterceptor.java:205)
	at net.thucydides.core.steps.StepInterceptor.intercept(StepInterceptor.java:93)
	at net.thucydides.core.steps.ProxyConfiguration$InterceptorDispatcher.intercept(ProxyConfiguration.java:51)
	at net.serenitybdd.screenplay.AnonymousTask$ByteBuddy$vHozZPPM.performAs(Unknown Source)
	at net.serenitybdd.screenplay.Actor.performTask(Actor.java:299)
	at net.serenitybdd.screenplay.Actor.perform(Actor.java:274)
	at net.serenitybdd.screenplay.Actor.attemptsTo(Actor.java:215)
	at net.serenitybdd.screenplay.Actor.attemptsTo(Actor.java:222)
	at net.serenitybdd.screenplay.Actor.wasAbleTo(Actor.java:193)
	at net.serenitybdd.demos.todos.cucumber.steps.FormContactUsSteps.abre_el_navegador(FormContactUsSteps.java:37)
	at java.base/java.lang.reflect.Method.invoke(Method.java:580)
	at io.cucumber.java.Invoker.doInvoke(Invoker.java:66)
	at io.cucumber.java.Invoker.invoke(Invoker.java:24)
	at io.cucumber.java.AbstractGlueDefinition.invokeMethod(AbstractGlueDefinition.java:47)
	at io.cucumber.java.JavaStepDefinition.execute(JavaStepDefinition.java:29)
	at io.cucumber.core.runner.CoreStepDefinition.execute(CoreStepDefinition.java:66)
	at io.cucumber.core.runner.PickleStepDefinitionMatch.runStep(PickleStepDefinitionMatch.java:63)
	at io.cucumber.core.runner.ExecutionMode$1.execute(ExecutionMode.java:10)
	at io.cucumber.core.runner.TestStep.executeStep(TestStep.java:81)
	at io.cucumber.core.runner.TestStep.run(TestStep.java:53)
	at io.cucumber.core.runner.PickleStepTestStep.run(PickleStepTestStep.java:51)
	at io.cucumber.core.runner.TestCase.run(TestCase.java:84)
	at io.cucumber.core.runner.Runner.runPickle(Runner.java:75)
	at io.cucumber.junit.platform.engine.CucumberEngineExecutionContext.lambda$runTestCase$4(CucumberEngineExecutionContext.java:112)
	at io.cucumber.core.runtime.CucumberExecutionContext.lambda$runTestCase$5(CucumberExecutionContext.java:136)
	at io.cucumber.core.runtime.RethrowingThrowableCollector.executeAndThrow(RethrowingThrowableCollector.java:23)
	at io.cucumber.core.runtime.CucumberExecutionContext.runTestCase(CucumberExecutionContext.java:136)
	at io.cucumber.junit.platform.engine.CucumberEngineExecutionContext.runTestCase(CucumberEngineExecutionContext.java:109)
	at io.cucumber.junit.platform.engine.NodeDescriptor$PickleDescriptor.execute(NodeDescriptor.java:168)
	at io.cucumber.junit.platform.engine.NodeDescriptor$PickleDescriptor.execute(NodeDescriptor.java:90)
	at java.base/java.util.ArrayList.forEach(ArrayList.java:1596)
	at java.base/java.util.ArrayList.forEach(ArrayList.java:1596)
Caused by: net.serenitybdd.core.webdriver.driverproviders.RemoteDriverConfigurationError: Incorrectly formed webdriver.remote.url property: https://${env:BROWSERSTACK_USERNAME}:${env:BROWSERSTACK_ACCESS_KEY}@hub-cloud.browserstack.com/wd/hub
	at net.serenitybdd.core.webdriver.driverproviders.RemoteDriverProvider.getRemoteUrlFrom(RemoteDriverProvider.java:113)
	at net.serenitybdd.core.webdriver.driverproviders.RemoteDriverProvider.newInstance(RemoteDriverProvider.java:55)
	at net.thucydides.core.webdriver.WebDriverFactory.createWebDriver(WebDriverFactory.java:154)
	at net.thucydides.core.webdriver.WebDriverFactory.waitThenRetry(WebDriverFactory.java:191)
	... 65 more
Caused by: java.net.URISyntaxException: Illegal character in authority at index 9: https://${env:BROWSERSTACK_USERNAME}:${env:BROWSERSTACK_ACCESS_KEY}@hub-cloud.browserstack.com/wd/hub
	at java.base/java.net.URI$Parser.fail(URI.java:2995)
	at java.base/java.net.URI$Parser.parseAuthority(URI.java:3344)
	at java.base/java.net.URI$Parser.parseHierarchical(URI.java:3240)
	at java.base/java.net.URI$Parser.parse(URI.java:3196)
	at java.base/java.net.URI.<init>(URI.java:645)
	at net.serenitybdd.core.webdriver.driverproviders.RemoteDriverProvider.getRemoteUrlFrom(RemoteDriverProvider.java:111)
	... 68 more

