<?xml version="1.0" encoding="UTF-8"?>
<testsuite xmlns:xsi="http://www.w3.org/2001/XMLSchema-instance" xsi:noNamespaceSchemaLocation="https://maven.apache.org/surefire/maven-failsafe-plugin/xsd/failsafe-test-report-3.0.xsd" version="3.0" name="net.serenitybdd.demos.todos.cucumber.CucumberTestSuite" time="35.102" tests="1" errors="0" skipped="0" failures="0">
  <properties>
[...]
</properties>
  <testcase name="Enviar mensaje en opción contact us y volver al home page" classname="Automation Exercise - Contact Us" time="32.654">
    <system-out><![CDATA[
@cucumber @adding
Scenario: Enviar mensaje en opción contact us y volver al home page                          &amp#27;[90m# features/add_new_items_to_the_todo_list.feature:5&amp#27;[0m
  &amp#27;[32mGiven &amp#27;[0m&amp#27;[32m&amp#27;[0m&amp#27;[32m&amp#27;[1mUsuario&amp#27;[0m&amp#27;[32m abre el navegador&amp#27;[0m                                                            &amp#27;[90m# net.serenitybdd.demos.todos.cucumber.steps.FormContactUsSteps.abre_el_navegador(net.serenitybdd.screenplay.Actor)&amp#27;[0m
  &amp#27;[32mThen &amp#27;[0m&amp#27;[32m&amp#27;[0m&amp#27;[32m&amp#27;[1mUsuario&amp#27;[0m&amp#27;[32m navega a la url y valida que el titulo sea visible&amp#27;[0m                            &amp#27;[90m# net.serenitybdd.demos.todos.cucumber.steps.FormContactUsSteps.navega_a_la_url_y_valida_que_el_titulo_sea_visible(net.serenitybdd.screenplay.Actor)&amp#27;[0m
  &amp#27;[32mAnd &amp#27;[0m&amp#27;[32m&amp#27;[0m&amp#27;[32m&amp#27;[1mUsuario&amp#27;[0m&amp#27;[32m da clic en el botón Contact us&amp#27;[0m                                                 &amp#27;[90m# net.serenitybdd.demos.todos.cucumber.steps.FormContactUsSteps.da_clic_en_el_botón_Contact_us(net.serenitybdd.screenplay.Actor)&amp#27;[0m
  &amp#27;[32mWhen &amp#27;[0m&amp#27;[32m&amp#27;[0m&amp#27;[32m&amp#27;[1mUsuario&amp#27;[0m&amp#27;[32m Llena los campos obligatorios Name, Email, Subject, Message&amp#27;[0m                   &amp#27;[90m# net.serenitybdd.demos.todos.cucumber.steps.FormContactUsSteps.Llena_los_campos_obligatorios_Name_Email_Subject_Message(net.serenitybdd.screenplay.Actor)&amp#27;[0m
  &amp#27;[32mAnd &amp#27;[0m&amp#27;[32mRealiza la carga de un archivo 'Upload File'&amp#27;[0m                                           &amp#27;[90m# net.serenitybdd.demos.todos.cucumber.steps.FormContactUsSteps.realizar_la_carga_de_un_archivo_Upload_File()&amp#27;[0m
  &amp#27;[32mAnd &amp#27;[0m&amp#27;[32mEnvía el formulario y aceptar las alertas del navegador&amp#27;[0m                                &amp#27;[90m# net.serenitybdd.demos.todos.cucumber.steps.FormContactUsSteps.Envia_el_formulario_y_aceptar_las_alertas_del_navegador()&amp#27;[0m
  &amp#27;[32mThen &amp#27;[0m&amp#27;[32mValidar el mensaje de éxito &amp#27;[0m&amp#27;[32m&amp#27;[1m'Success! Your details have been submitted successfully.'&amp#27;[0m &amp#27;[90m# net.serenitybdd.demos.todos.cucumber.steps.FormContactUsSteps.validar_el_mensaje_de_éxito(java.lang.String)&amp#27;[0m
  &amp#27;[32mAnd &amp#27;[0m&amp#27;[32mRegresa al home&amp#27;[0m                                                                        &amp#27;[90m# net.serenitybdd.demos.todos.cucumber.steps.FormContactUsSteps.regresa_al_home()&amp#27;[0m
]]></system-out>
    <system-err><![CDATA[WARNING: A Java agent has been loaded dynamically (C:\Users\user\.m2\repository\net\bytebuddy\byte-buddy-agent\1.14.14\byte-buddy-agent-1.14.14.jar)
WARNING: If a serviceability tool is in use, please run with -XX:+EnableDynamicAgentLoading to hide this warning
WARNING: If a serviceability tool is not in use, please run with -Djdk.instrument.traceUsage for more information
WARNING: Dynamic loading of agents will be disallowed by default in a future release
ene 25, 2026 5:03:55 P. M. org.openqa.selenium.remote.tracing.opentelemetry.OpenTelemetryTracer createTracer
INFO: Using OpenTelemetry for tracing
]]></system-err>
  </testcase>
</testsuite>